21:39:24 **** Incremental Build of configuration Debug for project mini_project ****
make all 
Building file: ../main.c
Invoking: AVR Compiler
avr-gcc -Wall -g2 -gstabs -O0 -fpack-struct -fshort-enums -ffunction-sections -fdata-sections -std=gnu99 -funsigned-char -funsigned-bitfields -mmcu=atmega32 -DF_CPU=1000000UL -MMD -MP -MF"main.d" -MT"main.o" -c -o "main.o" "../main.c"
In file included from ../main.c:9:
c:/winavr-20100110/lib/gcc/../../avr/include/util/delay.h:90:3: warning: #warning "Compiler optimizations disabled; functions from <util/delay.h> won't work as designed"
Finished building: ../main.c
 
Building target: mini_project.elf
Invoking: AVR C Linker
avr-gcc -Wl,-Map,mini_project.map -mmcu=atmega32 -o "mini_project.elf"  ./main.o   
Finished building target: mini_project.elf
 
Invoking: AVR Create Extended Listing
avr-objdump -h -S mini_project.elf  >"mini_project.lss"
Finished building: mini_project.lss
 
Create Flash image (ihex format)
avr-objcopy -R .eeprom -R .fuse -R .lock -R .signature -O ihex mini_project.elf  "mini_project.hex"
Finished building: mini_project.hex
 
Invoking: Print Size
avr-size --format=avr --mcu=atmega32 mini_project.elf
AVR Memory Usage
----------------
Device: atmega32

Program:    4242 bytes (12.9% Full)
(.text + .data + .bootloader)

Data:         16 bytes (0.8% Full)
(.data + .bss + .noinit)


Finished building: sizedummy
 
